0 info it worked if it ends with ok
1 verbose cli [ '/usr/local/Cellar/node5/5.11.1/bin/node',
1 verbose cli   '/usr/local/bin/npm',
1 verbose cli   'run',
1 verbose cli   'start' ]
2 info using npm@3.8.6
3 info using node@v5.11.1
4 verbose run-script [ 'prestart', 'start', 'poststart' ]
5 info lifecycle conference360_test@1.0.0~prestart: conference360_test@1.0.0
6 silly lifecycle conference360_test@1.0.0~prestart: no script for prestart, continuing
7 info lifecycle conference360_test@1.0.0~start: conference360_test@1.0.0
8 verbose lifecycle conference360_test@1.0.0~start: unsafe-perm in lifecycle true
9 verbose lifecycle conference360_test@1.0.0~start: PATH: /usr/local/lib/node_modules/npm/bin/node-gyp-bin:/Users/yangchuoxian/Sites/testProjects/conference360_test/node_modules/.bin:/usr/local/Cellar/node5/5.11.1/bin:/Library/Frameworks/Python.framework/Versions/3.5/bin::/Users/yangchuoxian/Library/Android/sdk/platforms:/Users/yangchuoxian/Library/Android/sdk/tools:/Users/yangchuoxian/Library/Android/sdk/platform-tools:/usr/local/sbin:/usr/local/bin:/usr/bin:/bin:/usr/sbin:/sbin:/usr/local/aria2/bin:/usr/local/go/bin:/Users/yangchuoxian/Sites/GoServer/bin
10 verbose lifecycle conference360_test@1.0.0~start: CWD: /Users/yangchuoxian/Sites/testProjects/conference360_test
11 silly lifecycle conference360_test@1.0.0~start: Args: [ '-c', 'webpack-dev-server' ]
12 info lifecycle conference360_test@1.0.0~start: Failed to exec start script
13 verbose stack Error: conference360_test@1.0.0 start: `webpack-dev-server`
13 verbose stack spawn ENOENT
13 verbose stack     at ChildProcess.<anonymous> (/usr/local/lib/node_modules/npm/lib/utils/spawn.js:17:16)
13 verbose stack     at emitTwo (events.js:100:13)
13 verbose stack     at ChildProcess.emit (events.js:185:7)
13 verbose stack     at maybeClose (internal/child_process.js:850:16)
13 verbose stack     at Process.ChildProcess._handle.onexit (internal/child_process.js:215:5)
14 verbose pkgid conference360_test@1.0.0
15 verbose cwd /Users/yangchuoxian/Sites/testProjects/conference360_test/dist
16 error Darwin 15.5.0
17 error argv "/usr/local/Cellar/node5/5.11.1/bin/node" "/usr/local/bin/npm" "run" "start"
18 error node v5.11.1
19 error npm  v3.8.6
20 error file sh
21 error code ELIFECYCLE
22 error errno ENOENT
23 error syscall spawn
24 error conference360_test@1.0.0 start: `webpack-dev-server`
24 error spawn ENOENT
25 error Failed at the conference360_test@1.0.0 start script 'webpack-dev-server'.
25 error Make sure you have the latest version of node.js and npm installed.
25 error If you do, this is most likely a problem with the conference360_test package,
25 error not with npm itself.
25 error Tell the author that this fails on your system:
25 error     webpack-dev-server
25 error You can get information on how to open an issue for this project with:
25 error     npm bugs conference360_test
25 error Or if that isn't available, you can get their info via:
25 error     npm owner ls conference360_test
25 error There is likely additional logging output above.
26 verbose exit [ 1, true ]
